[handleMsg]:  {
  key: {
    remoteJid: '5492345662340@s.whatsapp.net',
    fromMe: false,
    id: '59BE5924A0F58C69457241DC5E60EE63',
    participant: undefined
  },
  messageTimestamp: 1725156737,
  pushName: 'Estefania Danciul',
  broadcast: false,
  message: Message {
    conversation: 'Hola',
    messageContextInfo: MessageContextInfo {
      deviceListMetadata: [DeviceListMetadata],
      deviceListMetadataVersion: 2
    }
  },
  body: 'Hola',
  from: '5492345662340'
}
[QUEUE_SE_ENVIO]:  {
  ref: 'ans_2e59c25c-bcfd-4caa-9e57-eb37cd118a8e',
  keyword: 'key_a580b896-5812-4d8d-bcfb-97af791564ae',
  answer: '隆Hola!\n' +
    '  \n' +
    ' Soy el Asistente Virtual del *Hospital Dr Posadas de Saladillo*\n' +
    'Por favor escriba el n煤mero de la opci贸n correspondiente\n' +
    '  \n' +
    '*1.-*  Reservar turnos\n' +
    '*2.-*  Modificaci贸n o cancelaci贸n de turnos reservados\n' +
    '*3.-*  Confirmaci贸n de asistencia\n' +
    '*4.-*  Consultas',
  options: {
    media: null,
    buttons: [],
    capture: false,
    child: null,
    delay: 0,
    idle: null,
    ref: null,
    nested: [
      [Object], [Object],
      [Object], [Object],
      [Object], [Object],
      [Object], [Object]
    ],
    keyword: {},
    callback: false
  },
  refSerialize: '267e5b1d07dca76051c19928cb73e2b5'
}
[handleMsg]:  {
  key: {
    remoteJid: '5492345662340@s.whatsapp.net',
    fromMe: false,
    id: '72DF25F73F604BA867EFA987AD538E39',
    participant: undefined
  },
  messageTimestamp: 1725156740,
  pushName: 'Estefania Danciul',
  broadcast: false,
  message: Message {
    conversation: '1',
    messageContextInfo: MessageContextInfo {
      deviceListMetadata: [DeviceListMetadata],
      deviceListMetadataVersion: 2
    }
  },
  status: 4,
  body: '1',
  from: '5492345662340'
}
[QUEUE_SE_ENVIO]:  {
  ref: 'ans_76776320-5149-4dce-a5b0-0eea9ed17738',
  keyword: 'key_52479cb9-11a1-4af3-9aa3-241041f5b4f4',
  answer: 'Aqui podes selecionar el numero al tipo de especialidad a la cual quieres pedir turno, recuerda que debes cumplir ciertos requisitos que estaran informados\n' +
    ' \n' +
    ' \n' +
    '*1.-* Consultorios Medicos\n' +
    '*2.-* Estudios de Diagnostico',
  options: {
    media: null,
    buttons: [],
    capture: false,
    child: null,
    delay: 0,
    idle: null,
    ref: null,
    nested: [ [Object], [Object], [Object], [Object] ],
    keyword: {},
    callback: false
  },
  refSerialize: 'e8947837c563f416ab3018b9957510ac'
}
[handleMsg]:  {
  key: {
    remoteJid: '5492345662340@s.whatsapp.net',
    fromMe: false,
    id: '3ABA81B7FB2142A0650E8FB5B6B6413A',
    participant: undefined
  },
  messageTimestamp: 1725156744,
  pushName: 'Estefania Danciul',
  broadcast: false,
  message: Message {
    conversation: '1',
    messageContextInfo: MessageContextInfo {
      deviceListMetadata: [DeviceListMetadata],
      deviceListMetadataVersion: 2
    }
  },
  body: '1',
  from: '5492345662340'
}
[QUEUE_SE_ENVIO]:  {
  ref: 'ans_d8af8bd1-df3e-46b3-a31d-634906bbff9d',
  keyword: 'key_b2d4bb00-1864-4513-af55-7a9fbd77777c',
  answer: 'Indicar especialidad requerida\n' +
    ' \n' +
    '*1.-* Cardiologia\n' +
    '*2.-* Clinica Medica\n' +
    '*3.-* Cirugia\n' +
    '*4.-* Dermatologia\n' +
    '*5.-* Endodrinologia\n' +
    '*6.-* Fonoaudiologia\n' +
    '*7.-* Gastroenterologia\n' +
    '*8.-* Ginecologia\n' +
    '*9.-* Hematologia\n' +
    '*10.-* Neurologia\n' +
    '*11.-* Oftalmologia\n' +
    '*12.-* Oncologia\n' +
    '*13.-* Psiquiatria\n' +
    '*14.-* Traumatologia\n' +
    '*15.-* Pediatria\n' +
    '*16.-* Urologia\n' +
    '*17.-* Nutricion\n' +
    '*18.-* Odontologia\n' +
    '*19.-* Fisiatria\n' +
    '*20.-* Neumologia\n' +
    '*21.-* Obstreticia\n' +
    '*22.-* Otorrinonaringologia\n' +
    '*23.-* Nefrologia',
  options: {
    media: null,
    buttons: [],
    capture: false,
    child: null,
    delay: 0,
    idle: null,
    ref: null,
    nested: [
      [Object], [Object], [Object], [Object], [Object],
      [Object], [Object], [Object], [Object], [Object],
      [Object], [Object], [Object], [Object], [Object],
      [Object], [Object], [Object], [Object], [Object],
      [Object], [Object], [Object], [Object], [Object],
      [Object], [Object], [Object], [Object], [Object],
      [Object], [Object], [Object], [Object], [Object],
      [Object], [Object], [Object], [Object], [Object],
      [Object], [Object], [Object], [Object], [Object],
      [Object], [Object], [Object], [Object], [Object],
      [Object], [Object], [Object], [Object], [Object],
      [Object], [Object], [Object], [Object], [Object],
      [Object], [Object], [Object], [Object], [Object],
      [Object], [Object], [Object], [Object]
    ],
    keyword: {},
    callback: false
  },
  refSerialize: '8a86022de25d5c528793222257b4000a'
}
[handleMsg]:  {
  key: {
    remoteJid: '5492345662340@s.whatsapp.net',
    fromMe: false,
    id: '5D1B9E044D470293325A3E2AA49D6448',
    participant: undefined
  },
  messageTimestamp: 1725156750,
  pushName: 'Estefania Danciul',
  broadcast: false,
  message: Message {
    conversation: '3',
    messageContextInfo: MessageContextInfo {
      deviceListMetadata: [DeviceListMetadata],
      deviceListMetadataVersion: 2
    }
  },
  body: '3',
  from: '5492345662340'
}
[QUEUE_SE_ENVIO]:  {
  ref: 'ans_ad2b3e38-a2aa-4b65-b26e-7d6297ba7ff4',
  keyword: 'key_7a14a7d0-069b-4fdd-b603-c818ea33a60b',
  answer: 'Por favor selecione el medico',
  options: {
    media: null,
    buttons: [],
    capture: false,
    child: null,
    delay: 0,
    idle: null,
    ref: null,
    nested: [],
    keyword: {},
    callback: false
  },
  refSerialize: 'd1794a7347e911211a6a83d9bf770907'
}
[QUEUE_SE_ENVIO]:  {
  ref: 'ans_95d75ea3-f504-4495-a1ad-c5cc2d818cd9',
  keyword: 'ans_ad2b3e38-a2aa-4b65-b26e-7d6297ba7ff4',
  answer: '*1*.- Dr. Negro\n' +
    '*2*.- Dr. Wallace\n' +
    '*3*.- Dra. Lopez\n' +
    '*4*.- Dr. Almendariz\n' +
    '*5*.- Dra. Bubillo\n' +
    '*6*.- Dr. De Michelis\n' +
    '*7*.- Dr Miranda',
  options: {
    media: null,
    buttons: [],
    capture: false,
    child: null,
    delay: 0,
    idle: null,
    ref: null,
    nested: [
      [Object], [Object],
      [Object], [Object],
      [Object], [Object],
      [Object], [Object],
      [Object], [Object],
      [Object], [Object],
      [Object], [Object]
    ],
    keyword: {},
    callback: false
  },
  refSerialize: '08a6ac8a22cfe11b9a370d36a8bf46c8'
}
[handleMsg]:  {
  key: {
    remoteJid: '5492345662340@s.whatsapp.net',
    fromMe: false,
    id: '922A1770F058108BCBCC151CDB261D7C',
    participant: undefined
  },
  messageTimestamp: 1725156759,
  pushName: 'Estefania Danciul',
  broadcast: false,
  message: Message {
    conversation: '1',
    messageContextInfo: MessageContextInfo {
      deviceListMetadata: [DeviceListMetadata],
      deviceListMetadataVersion: 2
    }
  },
  body: '1',
  from: '5492345662340'
}
[QUEUE_SE_ENVIO]:  {
  ref: 'ans_53035021-68ac-45de-a686-053e16076437',
  keyword: 'key_74b809ac-42da-4554-995d-1c6a252b3c20',
  answer: 'Por favor, ingrese los siguientes datos:\n' +
    '\n' +
    '    Apellido y Nombre:\n' +
    '\n' +
    '    DNI:\n' +
    '\n' +
    '    Fecha de Nacimiento:\n' +
    '\n' +
    '    Localidad:\n' +
    '\n' +
    '    Obra social (recuerde que los pacientes de PAMI deber谩n presentar la Orden m茅dica digital y la credencial actualizada)\n' +
    '\n' +
    '    Y luego aguarde mientras gestionamos su turno, recibir谩 un mensaje con la confirmaci贸n del mismo',
  options: {
    media: null,
    buttons: [],
    capture: false,
    child: null,
    delay: 0,
    idle: null,
    ref: null,
    nested: [],
    keyword: {},
    callback: false
  },
  refSerialize: '987ce9769be584e8406628d4fd0e993a'
}
[handleMsg]:  {
  key: {
    remoteJid: '5492345662340@s.whatsapp.net',
    fromMe: false,
    id: '60BF9DEA66CADF63529AF155FF3839FA',
    participant: undefined
  },
  messageTimestamp: 1725156771,
  pushName: 'Estefania Danciul',
  broadcast: false,
  message: Message {
    conversation: 'Hola',
    messageContextInfo: MessageContextInfo {
      deviceListMetadata: [DeviceListMetadata],
      deviceListMetadataVersion: 2
    }
  },
  body: 'Hola',
  from: '5492345662340'
}
[QUEUE_SE_ENVIO]:  {
  ref: 'ans_2e59c25c-bcfd-4caa-9e57-eb37cd118a8e',
  keyword: 'key_a580b896-5812-4d8d-bcfb-97af791564ae',
  answer: '隆Hola!\n' +
    '  \n' +
    ' Soy el Asistente Virtual del *Hospital Dr Posadas de Saladillo*\n' +
    'Por favor escriba el n煤mero de la opci贸n correspondiente\n' +
    '  \n' +
    '*1.-*  Reservar turnos\n' +
    '*2.-*  Modificaci贸n o cancelaci贸n de turnos reservados\n' +
    '*3.-*  Confirmaci贸n de asistencia\n' +
    '*4.-*  Consultas',
  options: {
    media: null,
    buttons: [],
    capture: false,
    child: null,
    delay: 0,
    idle: null,
    ref: null,
    nested: [
      [Object], [Object],
      [Object], [Object],
      [Object], [Object],
      [Object], [Object]
    ],
    keyword: {},
    callback: false
  },
  refSerialize: '267e5b1d07dca76051c19928cb73e2b5'
}
[handleMsg]:  {
  key: {
    remoteJid: '5492345662340@s.whatsapp.net',
    fromMe: false,
    id: '991972123C3CF18F79317F031D1D4666',
    participant: undefined
  },
  messageTimestamp: 1725156774,
  pushName: 'Estefania Danciul',
  broadcast: false,
  message: Message {
    conversation: '1',
    messageContextInfo: MessageContextInfo {
      deviceListMetadata: [DeviceListMetadata],
      deviceListMetadataVersion: 2
    }
  },
  body: '1',
  from: '5492345662340'
}
[QUEUE_SE_ENVIO]:  {
  ref: 'ans_76776320-5149-4dce-a5b0-0eea9ed17738',
  keyword: 'key_52479cb9-11a1-4af3-9aa3-241041f5b4f4',
  answer: 'Aqui podes selecionar el numero al tipo de especialidad a la cual quieres pedir turno, recuerda que debes cumplir ciertos requisitos que estaran informados\n' +
    ' \n' +
    ' \n' +
    '*1.-* Consultorios Medicos\n' +
    '*2.-* Estudios de Diagnostico',
  options: {
    media: null,
    buttons: [],
    capture: false,
    child: null,
    delay: 0,
    idle: null,
    ref: null,
    nested: [ [Object], [Object], [Object], [Object] ],
    keyword: {},
    callback: false
  },
  refSerialize: 'e8947837c563f416ab3018b9957510ac'
}
[handleMsg]:  {
  key: {
    remoteJid: '5492345662340@s.whatsapp.net',
    fromMe: false,
    id: 'F08013C35DBEBB920F10EAC0080BBBAC',
    participant: undefined
  },
  messageTimestamp: 1725156776,
  pushName: 'Estefania Danciul',
  broadcast: false,
  message: Message {
    conversation: '1',
    messageContextInfo: MessageContextInfo {
      deviceListMetadata: [DeviceListMetadata],
      deviceListMetadataVersion: 2
    }
  },
  body: '1',
  from: '5492345662340'
}
[QUEUE_SE_ENVIO]:  {
  ref: 'ans_d8af8bd1-df3e-46b3-a31d-634906bbff9d',
  keyword: 'key_b2d4bb00-1864-4513-af55-7a9fbd77777c',
  answer: 'Indicar especialidad requerida\n' +
    ' \n' +
    '*1.-* Cardiologia\n' +
    '*2.-* Clinica Medica\n' +
    '*3.-* Cirugia\n' +
    '*4.-* Dermatologia\n' +
    '*5.-* Endodrinologia\n' +
    '*6.-* Fonoaudiologia\n' +
    '*7.-* Gastroenterologia\n' +
    '*8.-* Ginecologia\n' +
    '*9.-* Hematologia\n' +
    '*10.-* Neurologia\n' +
    '*11.-* Oftalmologia\n' +
    '*12.-* Oncologia\n' +
    '*13.-* Psiquiatria\n' +
    '*14.-* Traumatologia\n' +
    '*15.-* Pediatria\n' +
    '*16.-* Urologia\n' +
    '*17.-* Nutricion\n' +
    '*18.-* Odontologia\n' +
    '*19.-* Fisiatria\n' +
    '*20.-* Neumologia\n' +
    '*21.-* Obstreticia\n' +
    '*22.-* Otorrinonaringologia\n' +
    '*23.-* Nefrologia',
  options: {
    media: null,
    buttons: [],
    capture: false,
    child: null,
    delay: 0,
    idle: null,
    ref: null,
    nested: [
      [Object], [Object], [Object], [Object], [Object],
      [Object], [Object], [Object], [Object], [Object],
      [Object], [Object], [Object], [Object], [Object],
      [Object], [Object], [Object], [Object], [Object],
      [Object], [Object], [Object], [Object], [Object],
      [Object], [Object], [Object], [Object], [Object],
      [Object], [Object], [Object], [Object], [Object],
      [Object], [Object], [Object], [Object], [Object],
      [Object], [Object], [Object], [Object], [Object],
      [Object], [Object], [Object], [Object], [Object],
      [Object], [Object], [Object], [Object], [Object],
      [Object], [Object], [Object], [Object], [Object],
      [Object], [Object], [Object], [Object], [Object],
      [Object], [Object], [Object], [Object]
    ],
    keyword: {},
    callback: false
  },
  refSerialize: '8a86022de25d5c528793222257b4000a'
}
[handleMsg]:  {
  key: {
    remoteJid: '5492345662340@s.whatsapp.net',
    fromMe: false,
    id: 'C097059F1036375C637618759FBC127F',
    participant: undefined
  },
  messageTimestamp: 1725156788,
  pushName: 'Estefania Danciul',
  broadcast: false,
  message: Message {
    conversation: '15',
    messageContextInfo: MessageContextInfo {
      deviceListMetadata: [DeviceListMetadata],
      deviceListMetadataVersion: 2
    }
  },
  body: '15',
  from: '5492345662340'
}
[QUEUE_SE_ENVIO]:  {
  ref: 'ans_b21f713c-8e9b-4f81-aeb6-161b1259a9af',
  keyword: 'key_55699d2c-d4b4-4958-bde0-969b1016a1f7',
  answer: 'Por favor selecione el medico',
  options: {
    media: null,
    buttons: [],
    capture: false,
    child: null,
    delay: 0,
    idle: null,
    ref: null,
    nested: [],
    keyword: {},
    callback: false
  },
  refSerialize: '10d97043c73dd7adede21028ae737e2a'
}
[QUEUE_SE_ENVIO]:  {
  ref: 'ans_441dca9e-2c39-4f2b-b56d-32b295f43ba0',
  keyword: 'ans_b21f713c-8e9b-4f81-aeb6-161b1259a9af',
  answer: 'Medico 1\nMedico 2\nMedico 3',
  options: {
    media: null,
    buttons: [],
    capture: false,
    child: null,
    delay: 0,
    idle: null,
    ref: null,
    nested: [],
    keyword: {},
    callback: false
  },
  refSerialize: 'b660fd1a23f26ebd18532447ae3b3752'
}
[handleMsg]:  {
  key: {
    remoteJid: '5492345662340@s.whatsapp.net',
    fromMe: false,
    id: '53DD9F002355A204147D719F99B4AA06',
    participant: undefined
  },
  messageTimestamp: 1725156795,
  pushName: 'Estefania Danciul',
  broadcast: false,
  message: Message {
    stickerMessage: StickerMessage {
      url: 'https://mmg.whatsapp.net/v/t62.15575-24/23835840_474424332176509_5631629871721887759_n.enc?ccb=11-4&oh=01_Q5AaIExKyp24-tFpwiN0oYQyO-Itk1AuA7LsUGypX_cmF0xe&oe=66FB4D49&_nc_sid=5e03e0&mms3=true',
      fileSha256: [Uint8Array],
      fileEncSha256: [Uint8Array],
      mediaKey: [Uint8Array],
      mimetype: 'image/webp',
      height: 64,
      width: 64,
      directPath: '/v/t62.15575-24/23835840_474424332176509_5631629871721887759_n.enc?ccb=11-4&oh=01_Q5AaIExKyp24-tFpwiN0oYQyO-Itk1AuA7LsUGypX_cmF0xe&oe=66FB4D49&_nc_sid=5e03e0',
      fileLength: [Long],
      mediaKeyTimestamp: [Long],
      isAnimated: false,
      stickerSentTs: [Long],
      isAvatar: false
    },
    messageContextInfo: MessageContextInfo {
      deviceListMetadata: [DeviceListMetadata],
      deviceListMetadataVersion: 2
    }
  },
  body: '_event_media__933c4357-062a-4f30-b41c-d60bd6b16c42',
  from: '5492345662340'
}
[handleMsg]:  {
  key: {
    remoteJid: '5492345662340@s.whatsapp.net',
    fromMe: false,
    id: 'AD8C01428C2AE2D8BDC85A900F02C4FA',
    participant: undefined
  },
  messageTimestamp: 1725156798,
  pushName: 'Estefania Danciul',
  broadcast: false,
  message: Message {
    conversation: 'Hola',
    messageContextInfo: MessageContextInfo {
      deviceListMetadata: [DeviceListMetadata],
      deviceListMetadataVersion: 2
    }
  },
  body: 'Hola',
  from: '5492345662340'
}
[QUEUE_SE_ENVIO]:  {
  ref: 'ans_2e59c25c-bcfd-4caa-9e57-eb37cd118a8e',
  keyword: 'key_a580b896-5812-4d8d-bcfb-97af791564ae',
  answer: '隆Hola!\n' +
    '  \n' +
    ' Soy el Asistente Virtual del *Hospital Dr Posadas de Saladillo*\n' +
    'Por favor escriba el n煤mero de la opci贸n correspondiente\n' +
    '  \n' +
    '*1.-*  Reservar turnos\n' +
    '*2.-*  Modificaci贸n o cancelaci贸n de turnos reservados\n' +
    '*3.-*  Confirmaci贸n de asistencia\n' +
    '*4.-*  Consultas',
  options: {
    media: null,
    buttons: [],
    capture: false,
    child: null,
    delay: 0,
    idle: null,
    ref: null,
    nested: [
      [Object], [Object],
      [Object], [Object],
      [Object], [Object],
      [Object], [Object]
    ],
    keyword: {},
    callback: false
  },
  refSerialize: '267e5b1d07dca76051c19928cb73e2b5'
}
[handleMsg]:  {
  key: {
    remoteJid: '5492345662340@s.whatsapp.net',
    fromMe: false,
    id: '7BB6321EEB3B7257EE6FA14DB3048F2D',
    participant: undefined
  },
  messageTimestamp: 1725156803,
  pushName: 'Estefania Danciul',
  broadcast: false,
  message: Message {
    conversation: '2',
    messageContextInfo: MessageContextInfo {
      deviceListMetadata: [DeviceListMetadata],
      deviceListMetadataVersion: 2
    }
  },
  body: '2',
  from: '5492345662340'
}
[QUEUE_SE_ENVIO]:  {
  ref: 'ans_989390b0-a9d3-49a4-b1fa-54066c56eb62',
  keyword: 'key_1a4a9e82-63d1-4f8a-a96b-baf861b0016d',
  answer: '*Indique si quiere Cancelar o modificar su turno*\n' +
    '\n' +
    '*1*.- Modificar\n' +
    '*2*.- Cancelar',
  options: {
    media: null,
    buttons: [],
    capture: false,
    child: null,
    delay: 0,
    idle: null,
    ref: null,
    nested: [ [Object], [Object], [Object], [Object] ],
    keyword: {},
    callback: false
  },
  refSerialize: 'ded86d80dfdd2ac7fcf393d8d660ec33'
}
[handleMsg]:  {
  key: {
    remoteJid: '5492345662340@s.whatsapp.net',
    fromMe: false,
    id: '5A35C1CFFA574C84D839864B848405FF',
    participant: undefined
  },
  messageTimestamp: 1725156806,
  pushName: 'Estefania Danciul',
  broadcast: false,
  message: Message {
    conversation: '1',
    messageContextInfo: MessageContextInfo {
      deviceListMetadata: [DeviceListMetadata],
      deviceListMetadataVersion: 2
    }
  },
  body: '1',
  from: '5492345662340'
}
[QUEUE_SE_ENVIO]:  {
  ref: 'ans_0cd3763b-179b-473c-95c5-06ce89c5db85',
  keyword: 'key_be9c5d24-708e-4db4-8a57-a524543d70db',
  answer: 'Indique los siguientes datos para poder modificar su turno\n' +
    'Apellido y nombre:\n' +
    'DNI:\n' +
    'Fecha de nacimiento:\n' +
    'Localidad:\n' +
    'Obra social:\n' +
    'Turno que ten铆a otorgado (M茅dico/Especialidad, d铆a que tiene el turno asignado',
  options: {
    media: null,
    buttons: [],
    capture: false,
    child: null,
    delay: 0,
    idle: null,
    ref: null,
    nested: [],
    keyword: {},
    callback: false
  },
  refSerialize: '4ccd466fd803612b0e6649999001e5b6'
}
[handleMsg]:  {
  key: {
    remoteJid: '5492345662340@s.whatsapp.net',
    fromMe: false,
    id: 'E8AC5227B5BBB370C1ED27B09DFC25F1',
    participant: undefined
  },
  messageTimestamp: 1725156817,
  pushName: 'Estefania Danciul',
  broadcast: false,
  message: Message {
    conversation: 'Hola',
    messageContextInfo: MessageContextInfo {
      deviceListMetadata: [DeviceListMetadata],
      deviceListMetadataVersion: 2
    }
  },
  body: 'Hola',
  from: '5492345662340'
}
[QUEUE_SE_ENVIO]:  {
  ref: 'ans_2e59c25c-bcfd-4caa-9e57-eb37cd118a8e',
  keyword: 'key_a580b896-5812-4d8d-bcfb-97af791564ae',
  answer: '隆Hola!\n' +
    '  \n' +
    ' Soy el Asistente Virtual del *Hospital Dr Posadas de Saladillo*\n' +
    'Por favor escriba el n煤mero de la opci贸n correspondiente\n' +
    '  \n' +
    '*1.-*  Reservar turnos\n' +
    '*2.-*  Modificaci贸n o cancelaci贸n de turnos reservados\n' +
    '*3.-*  Confirmaci贸n de asistencia\n' +
    '*4.-*  Consultas',
  options: {
    media: null,
    buttons: [],
    capture: false,
    child: null,
    delay: 0,
    idle: null,
    ref: null,
    nested: [
      [Object], [Object],
      [Object], [Object],
      [Object], [Object],
      [Object], [Object]
    ],
    keyword: {},
    callback: false
  },
  refSerialize: '267e5b1d07dca76051c19928cb73e2b5'
}
[handleMsg]:  {
  key: {
    remoteJid: '5492345662340@s.whatsapp.net',
    fromMe: false,
    id: 'D1BBBC3EAF6DA5E61300EBBBF63D844B',
    participant: undefined
  },
  messageTimestamp: 1725156820,
  pushName: 'Estefania Danciul',
  broadcast: false,
  message: Message {
    conversation: '3',
    messageContextInfo: MessageContextInfo {
      deviceListMetadata: [DeviceListMetadata],
      deviceListMetadataVersion: 2
    }
  },
  body: '3',
  from: '5492345662340'
}
[QUEUE_SE_ENVIO]:  {
  ref: 'ans_781eac87-b0f6-4a53-bd07-dcad4f3d6d88',
  keyword: 'key_cda9f27b-ed4f-4c5e-add1-8e21c65ca181',
  answer: 'Indique los siguientes datos para poder confirmar su turno\n' +
    'Apellido y nombre:\n' +
    'DNI:\n' +
    'Fecha de nacimiento:\n' +
    'Localidad:\n' +
    'Obra social:\n' +
    'Turno que ten铆a otorgado (M茅dico/Especialidad, d铆a que tiene el turno asignado',
  options: {
    media: null,
    buttons: [],
    capture: false,
    child: null,
    delay: 0,
    idle: null,
    ref: null,
    nested: [],
    keyword: {},
    callback: false
  },
  refSerialize: '5e42e8d47fc11b288f4862274c18c52e'
}
[handleMsg]:  {
  key: {
    remoteJid: '5492345662340@s.whatsapp.net',
    fromMe: false,
    id: '3D696EB6813CF6BC787E7AB7C1A73467',
    participant: undefined
  },
  messageTimestamp: 1725156828,
  pushName: 'Estefania Danciul',
  broadcast: false,
  message: Message {
    conversation: 'Hola',
    messageContextInfo: MessageContextInfo {
      deviceListMetadata: [DeviceListMetadata],
      deviceListMetadataVersion: 2
    }
  },
  body: 'Hola',
  from: '5492345662340'
}
[QUEUE_SE_ENVIO]:  {
  ref: 'ans_2e59c25c-bcfd-4caa-9e57-eb37cd118a8e',
  keyword: 'key_a580b896-5812-4d8d-bcfb-97af791564ae',
  answer: '隆Hola!\n' +
    '  \n' +
    ' Soy el Asistente Virtual del *Hospital Dr Posadas de Saladillo*\n' +
    'Por favor escriba el n煤mero de la opci贸n correspondiente\n' +
    '  \n' +
    '*1.-*  Reservar turnos\n' +
    '*2.-*  Modificaci贸n o cancelaci贸n de turnos reservados\n' +
    '*3.-*  Confirmaci贸n de asistencia\n' +
    '*4.-*  Consultas',
  options: {
    media: null,
    buttons: [],
    capture: false,
    child: null,
    delay: 0,
    idle: null,
    ref: null,
    nested: [
      [Object], [Object],
      [Object], [Object],
      [Object], [Object],
      [Object], [Object]
    ],
    keyword: {},
    callback: false
  },
  refSerialize: '267e5b1d07dca76051c19928cb73e2b5'
}
[handleMsg]:  {
  key: {
    remoteJid: '5492345662340@s.whatsapp.net',
    fromMe: false,
    id: '3ACE3AC3759F09EDCB5215C9A56FAE73',
    participant: undefined
  },
  messageTimestamp: 1725156831,
  pushName: 'Estefania Danciul',
  broadcast: false,
  message: Message {
    conversation: '4',
    messageContextInfo: MessageContextInfo {
      deviceListMetadata: [DeviceListMetadata],
      deviceListMetadataVersion: 2
    }
  },
  status: 4,
  body: '4',
  from: '5492345662340'
}
[QUEUE_SE_ENVIO]:  {
  ref: 'ans_69756fe7-e50b-428b-be3d-66221defa127',
  keyword: 'key_fe8d01ce-35da-4a2d-b99d-aa62b5c1b0a4',
  answer: 'Por consultas debe comunicarse a nuestras l铆neas fijas:\n' +
    '2344-454112\n' +
    '2344-454114\n' +
    '2344-454113\n' +
    'De lunes a viernes (d铆as h谩biles) en horario de 7:00 a 17:00 hs',
  options: {
    media: null,
    buttons: [],
    capture: false,
    child: null,
    delay: 0,
    idle: null,
    ref: null,
    nested: [],
    keyword: {},
    callback: false
  },
  refSerialize: '7e724f1c9b1be0102f1bed104751d6e9'
}
[handleMsg]:  {
  key: {
    remoteJid: '5492345662340@s.whatsapp.net',
    fromMe: false,
    id: '99E9295DBFB43D922A55FD4CF120C464',
    participant: undefined
  },
  messageTimestamp: 1725156836,
  pushName: 'Estefania Danciul',
  broadcast: false,
  message: Message {
    conversation: 'Hola',
    messageContextInfo: MessageContextInfo {
      deviceListMetadata: [DeviceListMetadata],
      deviceListMetadataVersion: 2
    }
  },
  body: 'Hola',
  from: '5492345662340'
}
[QUEUE_SE_ENVIO]:  {
  ref: 'ans_2e59c25c-bcfd-4caa-9e57-eb37cd118a8e',
  keyword: 'key_a580b896-5812-4d8d-bcfb-97af791564ae',
  answer: '隆Hola!\n' +
    '  \n' +
    ' Soy el Asistente Virtual del *Hospital Dr Posadas de Saladillo*\n' +
    'Por favor escriba el n煤mero de la opci贸n correspondiente\n' +
    '  \n' +
    '*1.-*  Reservar turnos\n' +
    '*2.-*  Modificaci贸n o cancelaci贸n de turnos reservados\n' +
    '*3.-*  Confirmaci贸n de asistencia\n' +
    '*4.-*  Consultas',
  options: {
    media: null,
    buttons: [],
    capture: false,
    child: null,
    delay: 0,
    idle: null,
    ref: null,
    nested: [
      [Object], [Object],
      [Object], [Object],
      [Object], [Object],
      [Object], [Object]
    ],
    keyword: {},
    callback: false
  },
  refSerialize: '267e5b1d07dca76051c19928cb73e2b5'
}
[handleMsg]:  {
  key: {
    remoteJid: '5492345662340@s.whatsapp.net',
    fromMe: false,
    id: 'E683EC3805B3D845C8BEB9B7AFB2415E',
    participant: undefined
  },
  messageTimestamp: 1725156839,
  pushName: 'Estefania Danciul',
  broadcast: false,
  message: Message {
    conversation: '1',
    messageContextInfo: MessageContextInfo {
      deviceListMetadata: [DeviceListMetadata],
      deviceListMetadataVersion: 2
    }
  },
  body: '1',
  from: '5492345662340'
}
[QUEUE_SE_ENVIO]:  {
  ref: 'ans_76776320-5149-4dce-a5b0-0eea9ed17738',
  keyword: 'key_52479cb9-11a1-4af3-9aa3-241041f5b4f4',
  answer: 'Aqui podes selecionar el numero al tipo de especialidad a la cual quieres pedir turno, recuerda que debes cumplir ciertos requisitos que estaran informados\n' +
    ' \n' +
    ' \n' +
    '*1.-* Consultorios Medicos\n' +
    '*2.-* Estudios de Diagnostico',
  options: {
    media: null,
    buttons: [],
    capture: false,
    child: null,
    delay: 0,
    idle: null,
    ref: null,
    nested: [ [Object], [Object], [Object], [Object] ],
    keyword: {},
    callback: false
  },
  refSerialize: 'e8947837c563f416ab3018b9957510ac'
}
[handleMsg]:  {
  key: {
    remoteJid: '5492345662340@s.whatsapp.net',
    fromMe: false,
    id: '41F4BF656D573CDA538743C17CAE4859',
    participant: undefined
  },
  messageTimestamp: 1725156843,
  pushName: 'Estefania Danciul',
  broadcast: false,
  message: Message {
    conversation: '2',
    messageContextInfo: MessageContextInfo {
      deviceListMetadata: [DeviceListMetadata],
      deviceListMetadataVersion: 2
    }
  },
  body: '2',
  from: '5492345662340'
}
[QUEUE_SE_ENVIO]:  {
  ref: 'ans_cfdb753c-679d-4683-8bd8-a5071f599a08',
  keyword: 'key_0fee5195-06b2-4573-91d6-92ecef76a388',
  answer: '*1.-* Rayos\n' +
    '*2.-* Espinografia\n' +
    '*3.-* Tomograf铆a\n' +
    '*4.-* Mamograf铆a\n' +
    '*5.-* Magnificaciones\n' +
    '*6.-* Ecocardiograma\n' +
    '*7.-* Electroencefalograma\n' +
    '*8.-* Doppler\n' +
    '*9.-* Estudios Audiologicos\n' +
    '*10.-* Estudios Gastroenterol贸gicos\n' +
    '*11.-* Laboratorio',
  options: {
    media: null,
    buttons: [],
    capture: false,
    child: null,
    delay: 0,
    idle: null,
    ref: null,
    nested: [
      [Object], [Object], [Object],
      [Object], [Object], [Object],
      [Object], [Object], [Object],
      [Object], [Object], [Object],
      [Object], [Object], [Object],
      [Object], [Object], [Object],
      [Object], [Object], [Object],
      [Object]
    ],
    keyword: {},
    callback: false
  },
  refSerialize: '462bc80d3af66a80143d6db4f6b7263a'
}
[handleMsg]:  {
  key: {
    remoteJid: '5492345662340@s.whatsapp.net',
    fromMe: false,
    id: 'B2FA3813B85181C6447ACDBD307EE9A5',
    participant: undefined
  },
  messageTimestamp: 1725156847,
  pushName: 'Estefania Danciul',
  broadcast: false,
  message: Message {
    conversation: '3',
    messageContextInfo: MessageContextInfo {
      deviceListMetadata: [DeviceListMetadata],
      deviceListMetadataVersion: 2
    }
  },
  body: '3',
  from: '5492345662340'
}
[QUEUE_SE_ENVIO]:  {
  ref: 'ans_5fcde81f-34d9-4976-b245-7f311b9af95d',
  keyword: 'key_2c0086f2-55e8-4fe4-a813-8bff155396f9',
  answer: 'Enviar foto de la orden de indicaci贸n\n' +
    'Apellido y nombre\n' +
    'DNI\n' +
    'Fecha de nacimiento\n' +
    'Localidad\n' +
    'Obra social (recuerde que los pacientes de PAMI deber谩n presentar la Orden medica digital y la credencial actualizada)\n' +
    '*Peso aproximado del paciente*',
  options: {
    media: null,
    buttons: [],
    capture: false,
    child: null,
    delay: 0,
    idle: null,
    ref: null,
    nested: [],
    keyword: {},
    callback: false
  },
  refSerialize: '8728bdc9846e5a335d653b74f148d36c'
}
[handleMsg]:  {
  key: {
    remoteJid: '5492345662340@s.whatsapp.net',
    fromMe: false,
    id: '3EE58DB1E4C03851476CB89FD055735C',
    participant: undefined
  },
  messageTimestamp: 1725156853,
  pushName: 'Estefania Danciul',
  broadcast: false,
  message: Message {
    conversation: 'Hola',
    messageContextInfo: MessageContextInfo {
      deviceListMetadata: [DeviceListMetadata],
      deviceListMetadataVersion: 2
    }
  },
  body: 'Hola',
  from: '5492345662340'
}
[QUEUE_SE_ENVIO]:  {
  ref: 'ans_2e59c25c-bcfd-4caa-9e57-eb37cd118a8e',
  keyword: 'key_a580b896-5812-4d8d-bcfb-97af791564ae',
  answer: '隆Hola!\n' +
    '  \n' +
    ' Soy el Asistente Virtual del *Hospital Dr Posadas de Saladillo*\n' +
    'Por favor escriba el n煤mero de la opci贸n correspondiente\n' +
    '  \n' +
    '*1.-*  Reservar turnos\n' +
    '*2.-*  Modificaci贸n o cancelaci贸n de turnos reservados\n' +
    '*3.-*  Confirmaci贸n de asistencia\n' +
    '*4.-*  Consultas',
  options: {
    media: null,
    buttons: [],
    capture: false,
    child: null,
    delay: 0,
    idle: null,
    ref: null,
    nested: [
      [Object], [Object],
      [Object], [Object],
      [Object], [Object],
      [Object], [Object]
    ],
    keyword: {},
    callback: false
  },
  refSerialize: '267e5b1d07dca76051c19928cb73e2b5'
}
[handleMsg]:  {
  key: {
    remoteJid: '5492345662340@s.whatsapp.net',
    fromMe: false,
    id: '572186E8EEFC0B3FB8166FC8E8EBCB3C',
    participant: undefined
  },
  messageTimestamp: 1725156858,
  pushName: 'Estefania Danciul',
  broadcast: false,
  message: Message {
    conversation: '1',
    messageContextInfo: MessageContextInfo {
      deviceListMetadata: [DeviceListMetadata],
      deviceListMetadataVersion: 2
    }
  },
  body: '1',
  from: '5492345662340'
}
[QUEUE_SE_ENVIO]:  {
  ref: 'ans_76776320-5149-4dce-a5b0-0eea9ed17738',
  keyword: 'key_52479cb9-11a1-4af3-9aa3-241041f5b4f4',
  answer: 'Aqui podes selecionar el numero al tipo de especialidad a la cual quieres pedir turno, recuerda que debes cumplir ciertos requisitos que estaran informados\n' +
    ' \n' +
    ' \n' +
    '*1.-* Consultorios Medicos\n' +
    '*2.-* Estudios de Diagnostico',
  options: {
    media: null,
    buttons: [],
    capture: false,
    child: null,
    delay: 0,
    idle: null,
    ref: null,
    nested: [ [Object], [Object], [Object], [Object] ],
    keyword: {},
    callback: false
  },
  refSerialize: 'e8947837c563f416ab3018b9957510ac'
}
[handleMsg]:  {
  key: {
    remoteJid: '5492345662340@s.whatsapp.net',
    fromMe: false,
    id: '1EEB93E7FBF3CFA4004E6CBFEF7F7E6C',
    participant: undefined
  },
  messageTimestamp: 1725156860,
  pushName: 'Estefania Danciul',
  broadcast: false,
  message: Message {
    conversation: '2',
    messageContextInfo: MessageContextInfo {
      deviceListMetadata: [DeviceListMetadata],
      deviceListMetadataVersion: 2
    }
  },
  body: '2',
  from: '5492345662340'
}
[QUEUE_SE_ENVIO]:  {
  ref: 'ans_cfdb753c-679d-4683-8bd8-a5071f599a08',
  keyword: 'key_0fee5195-06b2-4573-91d6-92ecef76a388',
  answer: '*1.-* Rayos\n' +
    '*2.-* Espinografia\n' +
    '*3.-* Tomograf铆a\n' +
    '*4.-* Mamograf铆a\n' +
    '*5.-* Magnificaciones\n' +
    '*6.-* Ecocardiograma\n' +
    '*7.-* Electroencefalograma\n' +
    '*8.-* Doppler\n' +
    '*9.-* Estudios Audiologicos\n' +
    '*10.-* Estudios Gastroenterol贸gicos\n' +
    '*11.-* Laboratorio',
  options: {
    media: null,
    buttons: [],
    capture: false,
    child: null,
    delay: 0,
    idle: null,
    ref: null,
    nested: [
      [Object], [Object], [Object],
      [Object], [Object], [Object],
      [Object], [Object], [Object],
      [Object], [Object], [Object],
      [Object], [Object], [Object],
      [Object], [Object], [Object],
      [Object], [Object], [Object],
      [Object]
    ],
    keyword: {},
    callback: false
  },
  refSerialize: '462bc80d3af66a80143d6db4f6b7263a'
}
[handleMsg]:  {
  key: {
    remoteJid: '5492345662340@s.whatsapp.net',
    fromMe: false,
    id: 'D5AAAD373DAD96C6AC11551375C4F37E',
    participant: undefined
  },
  messageTimestamp: 1725156864,
  pushName: 'Estefania Danciul',
  broadcast: false,
  message: Message {
    conversation: '1',
    messageContextInfo: MessageContextInfo {
      deviceListMetadata: [DeviceListMetadata],
      deviceListMetadataVersion: 2
    }
  },
  body: '1',
  from: '5492345662340'
}
[QUEUE_SE_ENVIO]:  {
  ref: 'ans_fbb99508-47df-4a39-aeb7-d7ff8c87dc25',
  keyword: 'key_cc8aa95a-d856-4a85-9dfc-38aa931832e4',
  answer: 'Enviar foto de la orden de indicaci贸n\n' +
    'Apellido y nombre\n' +
    'DNI\n' +
    'Fecha de nacimiento\n' +
    'Localidad\n' +
    'Obra social (recuerde que los pacientes de PAMI deber谩n presentar la Orden medica digital y la credencial actualizada)',
  options: {
    media: null,
    buttons: [],
    capture: false,
    child: null,
    delay: 0,
    idle: null,
    ref: null,
    nested: [],
    keyword: {},
    callback: false
  },
  refSerialize: '43671a29f02871798440d1b35b0e9623'
}
[handleMsg]:  {
  key: {
    remoteJid: '5492345662340@s.whatsapp.net',
    fromMe: false,
    id: 'D866AF5FE15FBD426F72FC002E3C2AE0',
    participant: undefined
  },
  messageTimestamp: 1725156868,
  pushName: 'Estefania Danciul',
  broadcast: false,
  message: Message {
    conversation: 'Hola',
    messageContextInfo: MessageContextInfo {
      deviceListMetadata: [DeviceListMetadata],
      deviceListMetadataVersion: 2
    }
  },
  body: 'Hola',
  from: '5492345662340'
}
[QUEUE_SE_ENVIO]:  {
  ref: 'ans_2e59c25c-bcfd-4caa-9e57-eb37cd118a8e',
  keyword: 'key_a580b896-5812-4d8d-bcfb-97af791564ae',
  answer: '隆Hola!\n' +
    '  \n' +
    ' Soy el Asistente Virtual del *Hospital Dr Posadas de Saladillo*\n' +
    'Por favor escriba el n煤mero de la opci贸n correspondiente\n' +
    '  \n' +
    '*1.-*  Reservar turnos\n' +
    '*2.-*  Modificaci贸n o cancelaci贸n de turnos reservados\n' +
    '*3.-*  Confirmaci贸n de asistencia\n' +
    '*4.-*  Consultas',
  options: {
    media: null,
    buttons: [],
    capture: false,
    child: null,
    delay: 0,
    idle: null,
    ref: null,
    nested: [
      [Object], [Object],
      [Object], [Object],
      [Object], [Object],
      [Object], [Object]
    ],
    keyword: {},
    callback: false
  },
  refSerialize: '267e5b1d07dca76051c19928cb73e2b5'
}
[handleMsg]:  {
  key: {
    remoteJid: '5492345662340@s.whatsapp.net',
    fromMe: false,
    id: '9BB8365D5923505E0439826BE095E06F',
    participant: undefined
  },
  messageTimestamp: 1725156871,
  pushName: 'Estefania Danciul',
  broadcast: false,
  message: Message {
    conversation: '1',
    messageContextInfo: MessageContextInfo {
      deviceListMetadata: [DeviceListMetadata],
      deviceListMetadataVersion: 2
    }
  },
  status: 4,
  body: '1',
  from: '5492345662340'
}
[QUEUE_SE_ENVIO]:  {
  ref: 'ans_76776320-5149-4dce-a5b0-0eea9ed17738',
  keyword: 'key_52479cb9-11a1-4af3-9aa3-241041f5b4f4',
  answer: 'Aqui podes selecionar el numero al tipo de especialidad a la cual quieres pedir turno, recuerda que debes cumplir ciertos requisitos que estaran informados\n' +
    ' \n' +
    ' \n' +
    '*1.-* Consultorios Medicos\n' +
    '*2.-* Estudios de Diagnostico',
  options: {
    media: null,
    buttons: [],
    capture: false,
    child: null,
    delay: 0,
    idle: null,
    ref: null,
    nested: [ [Object], [Object], [Object], [Object] ],
    keyword: {},
    callback: false
  },
  refSerialize: 'e8947837c563f416ab3018b9957510ac'
}
[handleMsg]:  {
  key: {
    remoteJid: '5492345662340@s.whatsapp.net',
    fromMe: false,
    id: '1D13661D4B741F3D05358CD9EBBE5407',
    participant: undefined
  },
  messageTimestamp: 1725156873,
  pushName: 'Estefania Danciul',
  broadcast: false,
  message: Message {
    conversation: '2',
    messageContextInfo: MessageContextInfo {
      deviceListMetadata: [DeviceListMetadata],
      deviceListMetadataVersion: 2
    }
  },
  body: '2',
  from: '5492345662340'
}
[QUEUE_SE_ENVIO]:  {
  ref: 'ans_cfdb753c-679d-4683-8bd8-a5071f599a08',
  keyword: 'key_0fee5195-06b2-4573-91d6-92ecef76a388',
  answer: '*1.-* Rayos\n' +
    '*2.-* Espinografia\n' +
    '*3.-* Tomograf铆a\n' +
    '*4.-* Mamograf铆a\n' +
    '*5.-* Magnificaciones\n' +
    '*6.-* Ecocardiograma\n' +
    '*7.-* Electroencefalograma\n' +
    '*8.-* Doppler\n' +
    '*9.-* Estudios Audiologicos\n' +
    '*10.-* Estudios Gastroenterol贸gicos\n' +
    '*11.-* Laboratorio',
  options: {
    media: null,
    buttons: [],
    capture: false,
    child: null,
    delay: 0,
    idle: null,
    ref: null,
    nested: [
      [Object], [Object], [Object],
      [Object], [Object], [Object],
      [Object], [Object], [Object],
      [Object], [Object], [Object],
      [Object], [Object], [Object],
      [Object], [Object], [Object],
      [Object], [Object], [Object],
      [Object]
    ],
    keyword: {},
    callback: false
  },
  refSerialize: '462bc80d3af66a80143d6db4f6b7263a'
}
[handleMsg]:  {
  key: {
    remoteJid: '5492345662340@s.whatsapp.net',
    fromMe: false,
    id: 'E6C9201BA51BBE77B217231704813E42',
    participant: undefined
  },
  messageTimestamp: 1725156877,
  pushName: 'Estefania Danciul',
  broadcast: false,
  message: Message {
    conversation: '2',
    messageContextInfo: MessageContextInfo {
      deviceListMetadata: [DeviceListMetadata],
      deviceListMetadataVersion: 2
    }
  },
  body: '2',
  from: '5492345662340'
}
[QUEUE_SE_ENVIO]:  {
  ref: 'ans_50cab483-25db-427b-b3d6-aca374e5a9b1',
  keyword: 'key_31276a80-66b3-4a00-a003-9ed350ff822a',
  answer: 'Enviar foto de la orden de indicaci贸n\n' +
    'Apellido y nombre\n' +
    'DNI\n' +
    'Fecha de nacimiento\n' +
    'Localidad\n' +
    'Obra social (recuerde que los pacientes de PAMI deber谩n presentar la Orden medica digital y la credencial actualizada)\n' +
    '*Presentar radiografia previa de columna, el dia de atenci贸n',
  options: {
    media: null,
    buttons: [],
    capture: false,
    child: null,
    delay: 0,
    idle: null,
    ref: null,
    nested: [],
    keyword: {},
    callback: false
  },
  refSerialize: '198cbeddb62eb9c4aaeb195ba544a1dd'
}
[handleMsg]:  {
  key: {
    remoteJid: '5492345662340@s.whatsapp.net',
    fromMe: false,
    id: '908671D53826A7439B5C5EFB427C0D5E',
    participant: undefined
  },
  messageTimestamp: 1725156886,
  pushName: 'Estefania Danciul',
  broadcast: false,
  message: Message {
    conversation: 'Hola',
    messageContextInfo: MessageContextInfo {
      deviceListMetadata: [DeviceListMetadata],
      deviceListMetadataVersion: 2
    }
  },
  body: 'Hola',
  from: '5492345662340'
}
[QUEUE_SE_ENVIO]:  {
  ref: 'ans_2e59c25c-bcfd-4caa-9e57-eb37cd118a8e',
  keyword: 'key_a580b896-5812-4d8d-bcfb-97af791564ae',
  answer: '隆Hola!\n' +
    '  \n' +
    ' Soy el Asistente Virtual del *Hospital Dr Posadas de Saladillo*\n' +
    'Por favor escriba el n煤mero de la opci贸n correspondiente\n' +
    '  \n' +
    '*1.-*  Reservar turnos\n' +
    '*2.-*  Modificaci贸n o cancelaci贸n de turnos reservados\n' +
    '*3.-*  Confirmaci贸n de asistencia\n' +
    '*4.-*  Consultas',
  options: {
    media: null,
    buttons: [],
    capture: false,
    child: null,
    delay: 0,
    idle: null,
    ref: null,
    nested: [
      [Object], [Object],
      [Object], [Object],
      [Object], [Object],
      [Object], [Object]
    ],
    keyword: {},
    callback: false
  },
  refSerialize: '267e5b1d07dca76051c19928cb73e2b5'
}
[handleMsg]:  {
  key: {
    remoteJid: '5492345662340@s.whatsapp.net',
    fromMe: false,
    id: '638579E096856E9E7825B544FE983015',
    participant: undefined
  },
  messageTimestamp: 1725156890,
  pushName: 'Estefania Danciul',
  broadcast: false,
  message: Message {
    conversation: '1',
    messageContextInfo: MessageContextInfo {
      deviceListMetadata: [DeviceListMetadata],
      deviceListMetadataVersion: 2
    }
  },
  body: '1',
  from: '5492345662340'
}
[QUEUE_SE_ENVIO]:  {
  ref: 'ans_76776320-5149-4dce-a5b0-0eea9ed17738',
  keyword: 'key_52479cb9-11a1-4af3-9aa3-241041f5b4f4',
  answer: 'Aqui podes selecionar el numero al tipo de especialidad a la cual quieres pedir turno, recuerda que debes cumplir ciertos requisitos que estaran informados\n' +
    ' \n' +
    ' \n' +
    '*1.-* Consultorios Medicos\n' +
    '*2.-* Estudios de Diagnostico',
  options: {
    media: null,
    buttons: [],
    capture: false,
    child: null,
    delay: 0,
    idle: null,
    ref: null,
    nested: [ [Object], [Object], [Object], [Object] ],
    keyword: {},
    callback: false
  },
  refSerialize: 'e8947837c563f416ab3018b9957510ac'
}
[handleMsg]:  {
  key: {
    remoteJid: '5492345662340@s.whatsapp.net',
    fromMe: false,
    id: '392AECC9D175A67C40DC6730AA69FECA',
    participant: undefined
  },
  messageTimestamp: 1725156893,
  pushName: 'Estefania Danciul',
  broadcast: false,
  message: Message {
    conversation: '2',
    messageContextInfo: MessageContextInfo {
      deviceListMetadata: [DeviceListMetadata],
      deviceListMetadataVersion: 2
    }
  },
  body: '2',
  from: '5492345662340'
}
[QUEUE_SE_ENVIO]:  {
  ref: 'ans_cfdb753c-679d-4683-8bd8-a5071f599a08',
  keyword: 'key_0fee5195-06b2-4573-91d6-92ecef76a388',
  answer: '*1.-* Rayos\n' +
    '*2.-* Espinografia\n' +
    '*3.-* Tomograf铆a\n' +
    '*4.-* Mamograf铆a\n' +
    '*5.-* Magnificaciones\n' +
    '*6.-* Ecocardiograma\n' +
    '*7.-* Electroencefalograma\n' +
    '*8.-* Doppler\n' +
    '*9.-* Estudios Audiologicos\n' +
    '*10.-* Estudios Gastroenterol贸gicos\n' +
    '*11.-* Laboratorio',
  options: {
    media: null,
    buttons: [],
    capture: false,
    child: null,
    delay: 0,
    idle: null,
    ref: null,
    nested: [
      [Object], [Object], [Object],
      [Object], [Object], [Object],
      [Object], [Object], [Object],
      [Object], [Object], [Object],
      [Object], [Object], [Object],
      [Object], [Object], [Object],
      [Object], [Object], [Object],
      [Object]
    ],
    keyword: {},
    callback: false
  },
  refSerialize: '462bc80d3af66a80143d6db4f6b7263a'
}
[handleMsg]:  {
  key: {
    remoteJid: '5492345662340@s.whatsapp.net',
    fromMe: false,
    id: '4F0EBB9504486EB441E23EE44C3C9216',
    participant: undefined
  },
  messageTimestamp: 1725156898,
  pushName: 'Estefania Danciul',
  broadcast: false,
  message: Message {
    conversation: '4',
    messageContextInfo: MessageContextInfo {
      deviceListMetadata: [DeviceListMetadata],
      deviceListMetadataVersion: 2
    }
  },
  body: '4',
  from: '5492345662340'
}
[QUEUE_SE_ENVIO]:  {
  ref: 'ans_fe67fcd8-558f-4627-8a69-66d3b45b97d9',
  keyword: 'key_d02447da-a0c4-4bc0-b8b6-360572f51d7f',
  answer: 'Enviar foto de la orden de indicaci贸n\n' +
    'Apellido y nombre\n' +
    'DNI\n' +
    'Fecha de nacimiento\n' +
    'Localidad\n' +
    'Obra social (recuerde que los pacientes de PAMI deber谩n presentar la Orden medica digital y la credencial actualizada)',
  options: {
    media: null,
    buttons: [],
    capture: false,
    child: null,
    delay: 0,
    idle: null,
    ref: null,
    nested: [],
    keyword: {},
    callback: false
  },
  refSerialize: '2698b515601817e0e0501d2ce808ebf3'
}
[handleMsg]:  {
  key: {
    remoteJid: '5492345662340@s.whatsapp.net',
    fromMe: false,
    id: 'F1040EF5C5274D01A13D2C666575DE28',
    participant: undefined
  },
  messageTimestamp: 1725156905,
  pushName: 'Estefania Danciul',
  broadcast: false,
  message: Message {
    conversation: 'Hola',
    messageContextInfo: MessageContextInfo {
      deviceListMetadata: [DeviceListMetadata],
      deviceListMetadataVersion: 2
    }
  },
  body: 'Hola',
  from: '5492345662340'
}
[QUEUE_SE_ENVIO]:  {
  ref: 'ans_2e59c25c-bcfd-4caa-9e57-eb37cd118a8e',
  keyword: 'key_a580b896-5812-4d8d-bcfb-97af791564ae',
  answer: '隆Hola!\n' +
    '  \n' +
    ' Soy el Asistente Virtual del *Hospital Dr Posadas de Saladillo*\n' +
    'Por favor escriba el n煤mero de la opci贸n correspondiente\n' +
    '  \n' +
    '*1.-*  Reservar turnos\n' +
    '*2.-*  Modificaci贸n o cancelaci贸n de turnos reservados\n' +
    '*3.-*  Confirmaci贸n de asistencia\n' +
    '*4.-*  Consultas',
  options: {
    media: null,
    buttons: [],
    capture: false,
    child: null,
    delay: 0,
    idle: null,
    ref: null,
    nested: [
      [Object], [Object],
      [Object], [Object],
      [Object], [Object],
      [Object], [Object]
    ],
    keyword: {},
    callback: false
  },
  refSerialize: '267e5b1d07dca76051c19928cb73e2b5'
}
[handleMsg]:  {
  key: {
    remoteJid: '5492345662340@s.whatsapp.net',
    fromMe: false,
    id: '300D9CEDC059D89380911F099EB6ED31',
    participant: undefined
  },
  messageTimestamp: 1725156911,
  pushName: 'Estefania Danciul',
  broadcast: false,
  message: Message {
    conversation: '1',
    messageContextInfo: MessageContextInfo {
      deviceListMetadata: [DeviceListMetadata],
      deviceListMetadataVersion: 2
    }
  },
  body: '1',
  from: '5492345662340'
}
[QUEUE_SE_ENVIO]:  {
  ref: 'ans_76776320-5149-4dce-a5b0-0eea9ed17738',
  keyword: 'key_52479cb9-11a1-4af3-9aa3-241041f5b4f4',
  answer: 'Aqui podes selecionar el numero al tipo de especialidad a la cual quieres pedir turno, recuerda que debes cumplir ciertos requisitos que estaran informados\n' +
    ' \n' +
    ' \n' +
    '*1.-* Consultorios Medicos\n' +
    '*2.-* Estudios de Diagnostico',
  options: {
    media: null,
    buttons: [],
    capture: false,
    child: null,
    delay: 0,
    idle: null,
    ref: null,
    nested: [ [Object], [Object], [Object], [Object] ],
    keyword: {},
    callback: false
  },
  refSerialize: 'e8947837c563f416ab3018b9957510ac'
}
[handleMsg]:  {
  key: {
    remoteJid: '5492345662340@s.whatsapp.net',
    fromMe: false,
    id: '38A4F0499B7A4107B35FA0DB066B80FE',
    participant: undefined
  },
  messageTimestamp: 1725156914,
  pushName: 'Estefania Danciul',
  broadcast: false,
  message: Message {
    conversation: '1',
    messageContextInfo: MessageContextInfo {
      deviceListMetadata: [DeviceListMetadata],
      deviceListMetadataVersion: 2
    }
  },
  body: '1',
  from: '5492345662340'
}
[QUEUE_SE_ENVIO]:  {
  ref: 'ans_d8af8bd1-df3e-46b3-a31d-634906bbff9d',
  keyword: 'key_b2d4bb00-1864-4513-af55-7a9fbd77777c',
  answer: 'Indicar especialidad requerida\n' +
    ' \n' +
    '*1.-* Cardiologia\n' +
    '*2.-* Clinica Medica\n' +
    '*3.-* Cirugia\n' +
    '*4.-* Dermatologia\n' +
    '*5.-* Endodrinologia\n' +
    '*6.-* Fonoaudiologia\n' +
    '*7.-* Gastroenterologia\n' +
    '*8.-* Ginecologia\n' +
    '*9.-* Hematologia\n' +
    '*10.-* Neurologia\n' +
    '*11.-* Oftalmologia\n' +
    '*12.-* Oncologia\n' +
    '*13.-* Psiquiatria\n' +
    '*14.-* Traumatologia\n' +
    '*15.-* Pediatria\n' +
    '*16.-* Urologia\n' +
    '*17.-* Nutricion\n' +
    '*18.-* Odontologia\n' +
    '*19.-* Fisiatria\n' +
    '*20.-* Neumologia\n' +
    '*21.-* Obstreticia\n' +
    '*22.-* Otorrinonaringologia\n' +
    '*23.-* Nefrologia',
  options: {
    media: null,
    buttons: [],
    capture: false,
    child: null,
    delay: 0,
    idle: null,
    ref: null,
    nested: [
      [Object], [Object], [Object], [Object], [Object],
      [Object], [Object], [Object], [Object], [Object],
      [Object], [Object], [Object], [Object], [Object],
      [Object], [Object], [Object], [Object], [Object],
      [Object], [Object], [Object], [Object], [Object],
      [Object], [Object], [Object], [Object], [Object],
      [Object], [Object], [Object], [Object], [Object],
      [Object], [Object], [Object], [Object], [Object],
      [Object], [Object], [Object], [Object], [Object],
      [Object], [Object], [Object], [Object], [Object],
      [Object], [Object], [Object], [Object], [Object],
      [Object], [Object], [Object], [Object], [Object],
      [Object], [Object], [Object], [Object], [Object],
      [Object], [Object], [Object], [Object]
    ],
    keyword: {},
    callback: false
  },
  refSerialize: '8a86022de25d5c528793222257b4000a'
}
[handleMsg]:  {
  key: {
    remoteJid: '5492345662340@s.whatsapp.net',
    fromMe: false,
    id: 'AD671AFF32181F0D2F1E838E5A6D3D81',
    participant: undefined
  },
  messageTimestamp: 1725156918,
  pushName: 'Estefania Danciul',
  broadcast: false,
  message: Message {
    conversation: '18',
    messageContextInfo: MessageContextInfo {
      deviceListMetadata: [DeviceListMetadata],
      deviceListMetadataVersion: 2
    }
  },
  body: '18',
  from: '5492345662340'
}
[QUEUE_SE_ENVIO]:  {
  ref: 'ans_cfce3052-8453-44da-bf0e-36c24f4c3a03',
  keyword: 'key_f9aba978-c81a-4d45-b605-94aa56b86659',
  answer: 'Por favor selecione una opcion',
  options: {
    media: null,
    buttons: [],
    capture: false,
    child: null,
    delay: 0,
    idle: null,
    ref: null,
    nested: [],
    keyword: {},
    callback: false
  },
  refSerialize: '8af1d3636f8579664d8c5a43bda3cea1'
}
[QUEUE_SE_ENVIO]:  {
  ref: 'ans_f82862f4-985e-4d18-b4bf-f92ec2d9dec4',
  keyword: 'ans_cfce3052-8453-44da-bf0e-36c24f4c3a03',
  answer: '*1*.- Adultos\n*2*.- Ni帽os',
  options: {
    media: null,
    buttons: [],
    capture: false,
    child: null,
    delay: 0,
    idle: null,
    ref: null,
    nested: [ [Object], [Object], [Object], [Object] ],
    keyword: {},
    callback: false
  },
  refSerialize: '5b2e0d89b4d2a4118fc79dd5c4ae7f44'
}
[handleMsg]:  {
  key: {
    remoteJid: '5492345662340@s.whatsapp.net',
    fromMe: false,
    id: 'B0D27F94E170DD4DA848AF6DD46BA644',
    participant: undefined
  },
  messageTimestamp: 1725156922,
  pushName: 'Estefania Danciul',
  broadcast: false,
  message: Message {
    conversation: '1',
    messageContextInfo: MessageContextInfo {
      deviceListMetadata: [DeviceListMetadata],
      deviceListMetadataVersion: 2
    }
  },
  body: '1',
  from: '5492345662340'
}
[QUEUE_SE_ENVIO]:  {
  ref: 'ans_5d96e473-0fc1-4481-8af5-b579edb25f1c',
  keyword: 'key_cdcf1118-9040-4c85-8c4b-0070bd8c0261',
  answer: 'Por favor, ingrese los siguientes datos:\n' +
    '\n' +
    '    Apellido y Nombre:\n' +
    '\n' +
    '    DNI:\n' +
    '\n' +
    '    Fecha de Nacimiento:\n' +
    '\n' +
    '    Localidad:\n' +
    '\n' +
    '    Obra social (recuerde que los pacientes de PAMI deber谩n presentar la Orden m茅dica digital y la credencial actualizada)\n' +
    '\n' +
    '    Y luego aguarde mientras gestionamos su turno, recibir谩 un mensaje con la confirmaci贸n del mismo',
  options: {
    media: null,
    buttons: [],
    capture: false,
    child: null,
    delay: 0,
    idle: null,
    ref: null,
    nested: [],
    keyword: {},
    callback: false
  },
  refSerialize: '9e946a9e5d1559401a91ac8e11e2eeaa'
}
[handleMsg]:  {
  key: {
    remoteJid: '5492345662340@s.whatsapp.net',
    fromMe: false,
    id: '06EF329A780A2C5D0798B647CF220002',
    participant: undefined
  },
  messageTimestamp: 1725156957,
  pushName: 'Estefania Danciul',
  broadcast: false,
  message: Message {
    conversation: 'Ac谩 previo habr铆a que ver si es de ma帽ana o tarde',
    messageContextInfo: MessageContextInfo {
      deviceListMetadata: [DeviceListMetadata],
      deviceListMetadataVersion: 2
    }
  },
  body: 'Ac谩 previo habr铆a que ver si es de ma帽ana o tarde',
  from: '5492345662340'
}
[handleMsg]:  {
  key: {
    remoteJid: '5492345662340@s.whatsapp.net',
    fromMe: false,
    id: '8748B88107916EE157616EE95827744F',
    participant: undefined
  },
  messageTimestamp: 1725157273,
  pushName: 'Estefania Danciul',
  broadcast: false,
  message: Message {
    extendedTextMessage: ExtendedTextMessage {
      text: 'No no, ni帽os es respuesta directa. Ma帽ana o tarde es solo adultos',
      previewType: 0,
      contextInfo: [ContextInfo],
      inviteLinkGroupTypeV2: 0
    },
    messageContextInfo: MessageContextInfo {
      deviceListMetadata: [DeviceListMetadata],
      deviceListMetadataVersion: 2
    }
  },
  body: 'No no, ni帽os es respuesta directa. Ma帽ana o tarde es solo adultos',
  from: '5492345662340'
}
[handleMsg]:  {
  key: {
    remoteJid: '5492345662340@s.whatsapp.net',
    fromMe: false,
    id: '611A6B6224085973D4B0C28027322FA3',
    participant: undefined
  },
  messageTimestamp: 1725157281,
  pushName: 'Estefania Danciul',
  broadcast: false,
  message: Message {
    messageContextInfo: MessageContextInfo {
      deviceListMetadata: [DeviceListMetadata],
      deviceListMetadataVersion: 2
    },
    reactionMessage: ReactionMessage {
      key: [MessageKey],
      text: '',
      senderTimestampMs: [Long]
    }
  },
  body: '',
  from: '5492345662340'
}
[handleMsg]:  {
  key: {
    remoteJid: '5492345662340@s.whatsapp.net',
    fromMe: false,
    id: '9D6CD8C64A0E59CA4AAE2912AC3861DE',
    participant: undefined
  },
  messageTimestamp: 1725157288,
  pushName: 'Estefania Danciul',
  broadcast: false,
  message: Message {
    extendedTextMessage: ExtendedTextMessage {
      text: 'Te quiero mucho Dani querido',
      previewType: 0,
      contextInfo: [ContextInfo],
      inviteLinkGroupTypeV2: 0
    },
    messageContextInfo: MessageContextInfo {
      deviceListMetadata: [DeviceListMetadata],
      deviceListMetadataVersion: 2
    }
  },
  body: 'Te quiero mucho Dani querido',
  from: '5492345662340'
}
