5492345662340:ENCOLADO ans_2e59c25c-bcfd-4caa-9e57-eb37cd118a8e
EJECUTANDO:ans_2e59c25c-bcfd-4caa-9e57-eb37cd118a8e
5492345662340:SUCCESS
5492345662340:ENCOLADO ans_76776320-5149-4dce-a5b0-0eea9ed17738
EJECUTANDO:ans_76776320-5149-4dce-a5b0-0eea9ed17738
5492345662340:SUCCESS
5492345662340:ENCOLADO ans_d8af8bd1-df3e-46b3-a31d-634906bbff9d
EJECUTANDO:ans_d8af8bd1-df3e-46b3-a31d-634906bbff9d
5492345662340:SUCCESS
5492345662340:ENCOLADO ans_ad2b3e38-a2aa-4b65-b26e-7d6297ba7ff4
EJECUTANDO:ans_ad2b3e38-a2aa-4b65-b26e-7d6297ba7ff4
5492345662340:SUCCESS
5492345662340:ENCOLADO ans_95d75ea3-f504-4495-a1ad-c5cc2d818cd9
EJECUTANDO:ans_95d75ea3-f504-4495-a1ad-c5cc2d818cd9
5492345662340:SUCCESS
5492345662340:ENCOLADO ans_53035021-68ac-45de-a686-053e16076437
EJECUTANDO:ans_53035021-68ac-45de-a686-053e16076437
5492345662340:SUCCESS
5492345662340:ENCOLADO ans_2e59c25c-bcfd-4caa-9e57-eb37cd118a8e
EJECUTANDO:ans_2e59c25c-bcfd-4caa-9e57-eb37cd118a8e
5492345662340:SUCCESS
5492345662340:ENCOLADO ans_76776320-5149-4dce-a5b0-0eea9ed17738
EJECUTANDO:ans_76776320-5149-4dce-a5b0-0eea9ed17738
5492345662340:SUCCESS
5492345662340:ENCOLADO ans_d8af8bd1-df3e-46b3-a31d-634906bbff9d
EJECUTANDO:ans_d8af8bd1-df3e-46b3-a31d-634906bbff9d
5492345662340:SUCCESS
5492345662340:ENCOLADO ans_b21f713c-8e9b-4f81-aeb6-161b1259a9af
EJECUTANDO:ans_b21f713c-8e9b-4f81-aeb6-161b1259a9af
5492345662340:SUCCESS
5492345662340:ENCOLADO ans_441dca9e-2c39-4f2b-b56d-32b295f43ba0
EJECUTANDO:ans_441dca9e-2c39-4f2b-b56d-32b295f43ba0
5492345662340:SUCCESS
5492345662340:ENCOLADO ans_2e59c25c-bcfd-4caa-9e57-eb37cd118a8e
EJECUTANDO:ans_2e59c25c-bcfd-4caa-9e57-eb37cd118a8e
5492345662340:SUCCESS
5492345662340:ENCOLADO ans_989390b0-a9d3-49a4-b1fa-54066c56eb62
EJECUTANDO:ans_989390b0-a9d3-49a4-b1fa-54066c56eb62
5492345662340:SUCCESS
5492345662340:ENCOLADO ans_0cd3763b-179b-473c-95c5-06ce89c5db85
EJECUTANDO:ans_0cd3763b-179b-473c-95c5-06ce89c5db85
5492345662340:SUCCESS
5492345662340:ENCOLADO ans_2e59c25c-bcfd-4caa-9e57-eb37cd118a8e
EJECUTANDO:ans_2e59c25c-bcfd-4caa-9e57-eb37cd118a8e
5492345662340:SUCCESS
5492345662340:ENCOLADO ans_781eac87-b0f6-4a53-bd07-dcad4f3d6d88
EJECUTANDO:ans_781eac87-b0f6-4a53-bd07-dcad4f3d6d88
5492345662340:SUCCESS
5492345662340:ENCOLADO ans_2e59c25c-bcfd-4caa-9e57-eb37cd118a8e
EJECUTANDO:ans_2e59c25c-bcfd-4caa-9e57-eb37cd118a8e
5492345662340:SUCCESS
5492345662340:ENCOLADO ans_69756fe7-e50b-428b-be3d-66221defa127
EJECUTANDO:ans_69756fe7-e50b-428b-be3d-66221defa127
5492345662340:SUCCESS
5492345662340:ENCOLADO ans_2e59c25c-bcfd-4caa-9e57-eb37cd118a8e
EJECUTANDO:ans_2e59c25c-bcfd-4caa-9e57-eb37cd118a8e
5492345662340:SUCCESS
5492345662340:ENCOLADO ans_76776320-5149-4dce-a5b0-0eea9ed17738
EJECUTANDO:ans_76776320-5149-4dce-a5b0-0eea9ed17738
5492345662340:SUCCESS
5492345662340:ENCOLADO ans_cfdb753c-679d-4683-8bd8-a5071f599a08
EJECUTANDO:ans_cfdb753c-679d-4683-8bd8-a5071f599a08
5492345662340:SUCCESS
5492345662340:ENCOLADO ans_5fcde81f-34d9-4976-b245-7f311b9af95d
EJECUTANDO:ans_5fcde81f-34d9-4976-b245-7f311b9af95d
5492345662340:SUCCESS
5492345662340:ENCOLADO ans_2e59c25c-bcfd-4caa-9e57-eb37cd118a8e
EJECUTANDO:ans_2e59c25c-bcfd-4caa-9e57-eb37cd118a8e
5492345662340:SUCCESS
5492345662340:ENCOLADO ans_76776320-5149-4dce-a5b0-0eea9ed17738
EJECUTANDO:ans_76776320-5149-4dce-a5b0-0eea9ed17738
5492345662340:SUCCESS
5492345662340:ENCOLADO ans_cfdb753c-679d-4683-8bd8-a5071f599a08
EJECUTANDO:ans_cfdb753c-679d-4683-8bd8-a5071f599a08
5492345662340:SUCCESS
5492345662340:ENCOLADO ans_fbb99508-47df-4a39-aeb7-d7ff8c87dc25
EJECUTANDO:ans_fbb99508-47df-4a39-aeb7-d7ff8c87dc25
5492345662340:SUCCESS
5492345662340:ENCOLADO ans_2e59c25c-bcfd-4caa-9e57-eb37cd118a8e
EJECUTANDO:ans_2e59c25c-bcfd-4caa-9e57-eb37cd118a8e
5492345662340:SUCCESS
5492345662340:ENCOLADO ans_76776320-5149-4dce-a5b0-0eea9ed17738
EJECUTANDO:ans_76776320-5149-4dce-a5b0-0eea9ed17738
5492345662340:SUCCESS
5492345662340:ENCOLADO ans_cfdb753c-679d-4683-8bd8-a5071f599a08
EJECUTANDO:ans_cfdb753c-679d-4683-8bd8-a5071f599a08
5492345662340:SUCCESS
5492345662340:ENCOLADO ans_50cab483-25db-427b-b3d6-aca374e5a9b1
EJECUTANDO:ans_50cab483-25db-427b-b3d6-aca374e5a9b1
5492345662340:SUCCESS
5492345662340:ENCOLADO ans_2e59c25c-bcfd-4caa-9e57-eb37cd118a8e
EJECUTANDO:ans_2e59c25c-bcfd-4caa-9e57-eb37cd118a8e
5492345662340:SUCCESS
5492345662340:ENCOLADO ans_76776320-5149-4dce-a5b0-0eea9ed17738
EJECUTANDO:ans_76776320-5149-4dce-a5b0-0eea9ed17738
5492345662340:SUCCESS
5492345662340:ENCOLADO ans_cfdb753c-679d-4683-8bd8-a5071f599a08
EJECUTANDO:ans_cfdb753c-679d-4683-8bd8-a5071f599a08
5492345662340:SUCCESS
5492345662340:ENCOLADO ans_fe67fcd8-558f-4627-8a69-66d3b45b97d9
EJECUTANDO:ans_fe67fcd8-558f-4627-8a69-66d3b45b97d9
5492345662340:SUCCESS
5492345662340:ENCOLADO ans_2e59c25c-bcfd-4caa-9e57-eb37cd118a8e
EJECUTANDO:ans_2e59c25c-bcfd-4caa-9e57-eb37cd118a8e
5492345662340:SUCCESS
5492345662340:ENCOLADO ans_76776320-5149-4dce-a5b0-0eea9ed17738
EJECUTANDO:ans_76776320-5149-4dce-a5b0-0eea9ed17738
5492345662340:SUCCESS
5492345662340:ENCOLADO ans_d8af8bd1-df3e-46b3-a31d-634906bbff9d
EJECUTANDO:ans_d8af8bd1-df3e-46b3-a31d-634906bbff9d
5492345662340:SUCCESS
5492345662340:ENCOLADO ans_cfce3052-8453-44da-bf0e-36c24f4c3a03
EJECUTANDO:ans_cfce3052-8453-44da-bf0e-36c24f4c3a03
5492345662340:SUCCESS
5492345662340:ENCOLADO ans_f82862f4-985e-4d18-b4bf-f92ec2d9dec4
EJECUTANDO:ans_f82862f4-985e-4d18-b4bf-f92ec2d9dec4
5492345662340:SUCCESS
5492345662340:ENCOLADO ans_5d96e473-0fc1-4481-8af5-b579edb25f1c
EJECUTANDO:ans_5d96e473-0fc1-4481-8af5-b579edb25f1c
5492345662340:SUCCESS
